<?xml version="1.0" encoding="UTF-8"?>
<!-- Generated by org.testng.reporters.JUnitXMLReporter -->
<testsuite hostname="SARANG-PC" ignored="0" tests="100" failures="0" timestamp="01 Jun 2017 01:45:39 GMT" time="0.486" errors="0">
  <testcase name="TestA" time="0.016" classname="performanceTestingExample"/>
  <testcase name="TestA" time="0.016" classname="performanceTestingExample"/>
  <testcase name="TestA" time="0.015" classname="performanceTestingExample"/>
  <testcase name="TestA" time="0.017" classname="performanceTestingExample"/>
  <testcase name="TestA" time="0.018" classname="performanceTestingExample"/>
  <testcase name="TestA" time="0.02" classname="performanceTestingExample"/>
  <testcase name="TestA" time="0.02" classname="performanceTestingExample"/>
  <testcase name="TestA" time="0.023" classname="performanceTestingExample"/>
  <testcase name="TestA" time="0.024" classname="performanceTestingExample"/>
  <testcase name="TestA" time="0.025" classname="performanceTestingExample"/>
  <testcase name="TestA" time="0.008" classname="performanceTestingExample"/>
  <testcase name="TestA" time="0.008" classname="performanceTestingExample"/>
  <testcase name="TestA" time="0.003" classname="performanceTestingExample"/>
  <testcase name="TestA" time="0.002" classname="performanceTestingExample"/>
  <testcase name="TestA" time="0.006" classname="performanceTestingExample"/>
  <testcase name="TestA" time="0.015" classname="performanceTestingExample"/>
  <testcase name="TestA" time="0.018" classname="performanceTestingExample"/>
  <testcase name="TestA" time="0.023" classname="performanceTestingExample"/>
  <testcase name="TestA" time="0.024" classname="performanceTestingExample"/>
  <testcase name="TestA" time="0.002" classname="performanceTestingExample"/>
  <testcase name="TestA" time="0.043" classname="performanceTestingExample"/>
  <testcase name="TestA" time="0.06" classname="performanceTestingExample"/>
  <testcase name="TestA" time="0.001" classname="performanceTestingExample"/>
  <testcase name="TestA" time="0.004" classname="performanceTestingExample"/>
  <testcase name="TestA" time="0.004" classname="performanceTestingExample"/>
  <testcase name="TestA" time="0.052" classname="performanceTestingExample"/>
  <testcase name="TestA" time="0.002" classname="performanceTestingExample"/>
  <testcase name="TestA" time="0.004" classname="performanceTestingExample"/>
  <testcase name="TestA" time="0.006" classname="performanceTestingExample"/>
  <testcase name="TestA" time="0.013" classname="performanceTestingExample"/>
  <testcase name="TestA" time="0.018" classname="performanceTestingExample"/>
  <testcase name="TestA" time="0.029" classname="performanceTestingExample"/>
  <testcase name="TestA" time="0.002" classname="performanceTestingExample"/>
  <testcase name="TestA" time="0.042" classname="performanceTestingExample"/>
  <testcase name="TestA" time="0.002" classname="performanceTestingExample"/>
  <testcase name="TestA" time="0.006" classname="performanceTestingExample"/>
  <testcase name="TestA" time="0.022" classname="performanceTestingExample"/>
  <testcase name="TestA" time="0.027" classname="performanceTestingExample"/>
  <testcase name="TestA" time="0.033" classname="performanceTestingExample"/>
  <testcase name="TestA" time="0.003" classname="performanceTestingExample"/>
  <testcase name="TestA" time="0.003" classname="performanceTestingExample"/>
  <testcase name="TestA" time="0.001" classname="performanceTestingExample"/>
  <testcase name="TestA" time="0.005" classname="performanceTestingExample"/>
  <testcase name="TestA" time="0.003" classname="performanceTestingExample"/>
  <testcase name="TestA" time="0.002" classname="performanceTestingExample"/>
  <testcase name="TestA" time="0.003" classname="performanceTestingExample"/>
  <testcase name="TestA" time="0.001" classname="performanceTestingExample"/>
  <testcase name="TestA" time="0.002" classname="performanceTestingExample"/>
  <testcase name="TestA" time="0.003" classname="performanceTestingExample"/>
  <testcase name="TestA" time="0.002" classname="performanceTestingExample"/>
  <testcase name="TestA" time="0.002" classname="performanceTestingExample"/>
  <testcase name="TestA" time="0.001" classname="performanceTestingExample"/>
  <testcase name="TestA" time="0.001" classname="performanceTestingExample"/>
  <testcase name="TestA" time="0.001" classname="performanceTestingExample"/>
  <testcase name="TestA" time="0.001" classname="performanceTestingExample"/>
  <testcase name="TestA" time="0.001" classname="performanceTestingExample"/>
  <testcase name="TestA" time="0.001" classname="performanceTestingExample"/>
  <testcase name="TestA" time="0.003" classname="performanceTestingExample"/>
  <testcase name="TestA" time="0.014" classname="performanceTestingExample"/>
  <testcase name="TestA" time="0.07" classname="performanceTestingExample"/>
  <testcase name="TestA" time="0.085" classname="performanceTestingExample"/>
  <testcase name="TestA" time="0.001" classname="performanceTestingExample"/>
  <testcase name="TestA" time="0.001" classname="performanceTestingExample"/>
  <testcase name="TestA" time="0.003" classname="performanceTestingExample"/>
  <testcase name="TestA" time="0.003" classname="performanceTestingExample"/>
  <testcase name="TestA" time="0.11" classname="performanceTestingExample"/>
  <testcase name="TestA" time="0.006" classname="performanceTestingExample"/>
  <testcase name="TestA" time="0.005" classname="performanceTestingExample"/>
  <testcase name="TestA" time="0.007" classname="performanceTestingExample"/>
  <testcase name="TestA" time="0.136" classname="performanceTestingExample"/>
  <testcase name="TestA" time="0.001" classname="performanceTestingExample"/>
  <testcase name="TestA" time="0.002" classname="performanceTestingExample"/>
  <testcase name="TestA" time="0.001" classname="performanceTestingExample"/>
  <testcase name="TestA" time="0.001" classname="performanceTestingExample"/>
  <testcase name="TestA" time="0.002" classname="performanceTestingExample"/>
  <testcase name="TestA" time="0.008" classname="performanceTestingExample"/>
  <testcase name="TestA" time="0.001" classname="performanceTestingExample"/>
  <testcase name="TestA" time="0.002" classname="performanceTestingExample"/>
  <testcase name="TestA" time="0.012" classname="performanceTestingExample"/>
  <testcase name="TestA" time="0.0" classname="performanceTestingExample"/>
  <testcase name="TestA" time="0.001" classname="performanceTestingExample"/>
  <testcase name="TestA" time="0.03" classname="performanceTestingExample"/>
  <testcase name="TestA" time="0.001" classname="performanceTestingExample"/>
  <testcase name="TestA" time="0.105" classname="performanceTestingExample"/>
  <testcase name="TestA" time="0.001" classname="performanceTestingExample"/>
  <testcase name="TestA" time="0.005" classname="performanceTestingExample"/>
  <testcase name="TestA" time="0.006" classname="performanceTestingExample"/>
  <testcase name="TestA" time="0.001" classname="performanceTestingExample"/>
  <testcase name="TestA" time="0.008" classname="performanceTestingExample"/>
  <testcase name="TestA" time="0.009" classname="performanceTestingExample"/>
  <testcase name="TestA" time="0.011" classname="performanceTestingExample"/>
  <testcase name="TestA" time="0.015" classname="performanceTestingExample"/>
  <testcase name="TestA" time="0.02" classname="performanceTestingExample"/>
  <testcase name="TestA" time="0.001" classname="performanceTestingExample"/>
  <testcase name="TestA" time="0.001" classname="performanceTestingExample"/>
  <testcase name="TestA" time="0.001" classname="performanceTestingExample"/>
  <testcase name="TestA" time="0.003" classname="performanceTestingExample"/>
  <testcase name="TestA" time="0.094" classname="performanceTestingExample"/>
  <testcase name="TestA" time="0.105" classname="performanceTestingExample"/>
  <testcase name="TestA" time="0.106" classname="performanceTestingExample"/>
</testsuite>
