<?xml version="1.0" encoding="UTF-8"?>
<!-- Generated by org.testng.reporters.JUnitXMLReporter -->
<testsuite hostname="SARANG-PC" ignored="0" tests="8" failures="0" timestamp="01 Jun 2017 01:13:53 GMT" time="0.077" errors="0">
  <testcase name="TestA" time="0.007" classname="AppOne"/>
  <testcase name="TestA" time="0.002" classname="AppOne"/>
  <testcase name="TestB" time="0.002" classname="AppOne"/>
  <testcase name="TestB" time="0.002" classname="AppOne"/>
  <testcase name="TestFour" time="0.001" classname="AppOne"/>
  <testcase name="TestOne" time="0.003" classname="AppOne"/>
  <testcase name="TestThree" time="0.001" classname="AppOne"/>
  <testcase name="TestTwo" time="0.001" classname="AppOne"/>
</testsuite>
