<?xml version="1.0" encoding="UTF-8"?>
<!-- Generated by org.testng.reporters.JUnitXMLReporter -->
<testsuite hostname="SARANG-PC" name="Default Test C" tests="3" failures="1" timestamp="14 Jun 2017 14:14:26 GMT" time="3.097" errors="0">
  <testcase name="TestA" time="3.037" classname="com.sarangjaiswal.core.ddf.testcases.DummyTestC">
    <failure type="junit.framework.ComparisonFailure" message="expected:&amp;lt;[A]&amp;gt; but was:&amp;lt;[B]&amp;gt;">
      <![CDATA[junit.framework.ComparisonFailure: expected:<[A]> but was:<[B]>
	at junit.framework.Assert.assertEquals(Assert.java:100)
	at junit.framework.Assert.assertEquals(Assert.java:107)
	at com.sarangjaiswal.core.ddf.testcases.DummyTestC.TestA(DummyTestC.java:14)
	at java.util.concurrent.FutureTask.run(Unknown Source)
	at java.util.concurrent.ThreadPoolExecutor.runWorker(Unknown Source)
	at java.util.concurrent.ThreadPoolExecutor$Worker.run(Unknown Source)
	at java.lang.Thread.run(Unknown Source)
... Removed 16 stack frames]]>
    </failure>
  </testcase> <!-- TestA -->
  <testcase name="TestB" time="0.012" classname="com.sarangjaiswal.core.ddf.testcases.DummyTestC">
    <skipped/>
  </testcase> <!-- TestB -->
  <testcase name="TestC" time="0.001" classname="com.sarangjaiswal.core.ddf.testcases.DummyTestC">
    <skipped/>
  </testcase> <!-- TestC -->
</testsuite> <!-- Default Test C -->
