<?xml version="1.0" encoding="UTF-8"?>
<testng-results skipped="0" failed="0" total="1" passed="1">
  <reporter-output>
  </reporter-output>
  <suite name="Default suite" duration-ms="28534" started-at="2017-06-14T18:21:06Z" finished-at="2017-06-14T18:21:34Z">
    <groups>
    </groups>
    <test name="Default test" duration-ms="28534" started-at="2017-06-14T18:21:06Z" finished-at="2017-06-14T18:21:34Z">
      <class name="com.sarangjaiswal.pom.testcases.ProfileTest">
        <test-method status="PASS" signature="testProfile()[pri:0, instance:com.sarangjaiswal.pom.testcases.ProfileTest@457e2f02]" name="testProfile" duration-ms="28507" started-at="2017-06-14T14:21:06Z" finished-at="2017-06-14T14:21:34Z">
          <reporter-output>
          </reporter-output>
        </test-method> <!-- testProfile -->
      </class> <!-- com.sarangjaiswal.pom.testcases.ProfileTest -->
    </test> <!-- Default test -->
  </suite> <!-- Default suite -->
</testng-results>
