<?xml version="1.0" encoding="UTF-8"?>
<testng-results skipped="0" failed="0" total="2" passed="2">
  <reporter-output>
  </reporter-output>
  <suite name="Default suite" duration-ms="30625" started-at="2017-06-14T15:04:43Z" finished-at="2017-06-14T15:05:14Z">
    <groups>
    </groups>
    <test name="Default test" duration-ms="30625" started-at="2017-06-14T15:04:43Z" finished-at="2017-06-14T15:05:14Z">
      <class name="com.sarangjaiswal.core.ddf.testcases.DummyTestA">
        <test-method status="PASS" signature="TestA()[pri:0, instance:com.sarangjaiswal.core.ddf.testcases.DummyTestA@6767c1fc]" name="TestA" duration-ms="27590" started-at="2017-06-14T11:04:43Z" finished-at="2017-06-14T11:05:11Z">
          <reporter-output>
          </reporter-output>
        </test-method> <!-- TestA -->
        <test-method status="PASS" signature="TestB()[pri:0, instance:com.sarangjaiswal.core.ddf.testcases.DummyTestA@6767c1fc]" name="TestB" duration-ms="3004" started-at="2017-06-14T11:05:11Z" finished-at="2017-06-14T11:05:14Z">
          <reporter-output>
          </reporter-output>
        </test-method> <!-- TestB -->
      </class> <!-- com.sarangjaiswal.core.ddf.testcases.DummyTestA -->
    </test> <!-- Default test -->
  </suite> <!-- Default suite -->
</testng-results>
