<?xml version="1.0" encoding="UTF-8"?>
<testng-results skipped="0" failed="0" ignored="0" total="1" passed="1">
  <reporter-output>
  </reporter-output>
  <suite name="Default suite" duration-ms="16526" started-at="2017-06-02T11:42:34Z" finished-at="2017-06-02T11:42:51Z">
    <groups>
    </groups>
    <test name="Default test" duration-ms="16526" started-at="2017-06-02T11:42:34Z" finished-at="2017-06-02T11:42:51Z">
      <class name="PlaywithTextField">
        <test-method status="PASS" signature="Test_TextField()[pri:0, instance:PlaywithTextField@6767c1fc]" name="Test_TextField" duration-ms="16497" started-at="2017-06-02T07:42:34Z" finished-at="2017-06-02T07:42:51Z">
          <reporter-output>
          </reporter-output>
        </test-method> <!-- Test_TextField -->
      </class> <!-- PlaywithTextField -->
    </test> <!-- Default test -->
  </suite> <!-- Default suite -->
</testng-results>
