<?xml version="1.0" encoding="UTF-8"?>
<testng-results skipped="0" failed="0" ignored="0" total="100" passed="100">
  <reporter-output>
  </reporter-output>
  <suite name="Default suite" duration-ms="486" started-at="2017-06-01T01:45:38Z" finished-at="2017-06-01T01:45:39Z">
    <groups>
    </groups>
    <test name="Default test" duration-ms="486" started-at="2017-06-01T01:45:38Z" finished-at="2017-06-01T01:45:39Z">
      <class name="performanceTestingExample">
        <test-method status="PASS" signature="TestA()[pri:0, instance:performanceTestingExample@4590c9c3]" name="TestA" duration-ms="16" started-at="2017-05-31T21:45:38Z" finished-at="2017-05-31T21:45:38Z">
          <reporter-output>
          </reporter-output>
        </test-method> <!-- TestA -->
        <test-method status="PASS" signature="TestA()[pri:0, instance:performanceTestingExample@4590c9c3]" name="TestA" duration-ms="24" started-at="2017-05-31T21:45:38Z" finished-at="2017-05-31T21:45:38Z">
          <reporter-output>
          </reporter-output>
        </test-method> <!-- TestA -->
        <test-method status="PASS" signature="TestA()[pri:0, instance:performanceTestingExample@4590c9c3]" name="TestA" duration-ms="15" started-at="2017-05-31T21:45:38Z" finished-at="2017-05-31T21:45:38Z">
          <reporter-output>
          </reporter-output>
        </test-method> <!-- TestA -->
        <test-method status="PASS" signature="TestA()[pri:0, instance:performanceTestingExample@4590c9c3]" name="TestA" duration-ms="17" started-at="2017-05-31T21:45:38Z" finished-at="2017-05-31T21:45:38Z">
          <reporter-output>
          </reporter-output>
        </test-method> <!-- TestA -->
        <test-method status="PASS" signature="TestA()[pri:0, instance:performanceTestingExample@4590c9c3]" name="TestA" duration-ms="16" started-at="2017-05-31T21:45:38Z" finished-at="2017-05-31T21:45:38Z">
          <reporter-output>
          </reporter-output>
        </test-method> <!-- TestA -->
        <test-method status="PASS" signature="TestA()[pri:0, instance:performanceTestingExample@4590c9c3]" name="TestA" duration-ms="20" started-at="2017-05-31T21:45:38Z" finished-at="2017-05-31T21:45:38Z">
          <reporter-output>
          </reporter-output>
        </test-method> <!-- TestA -->
        <test-method status="PASS" signature="TestA()[pri:0, instance:performanceTestingExample@4590c9c3]" name="TestA" duration-ms="23" started-at="2017-05-31T21:45:38Z" finished-at="2017-05-31T21:45:38Z">
          <reporter-output>
          </reporter-output>
        </test-method> <!-- TestA -->
        <test-method status="PASS" signature="TestA()[pri:0, instance:performanceTestingExample@4590c9c3]" name="TestA" duration-ms="20" started-at="2017-05-31T21:45:38Z" finished-at="2017-05-31T21:45:38Z">
          <reporter-output>
          </reporter-output>
        </test-method> <!-- TestA -->
        <test-method status="PASS" signature="TestA()[pri:0, instance:performanceTestingExample@4590c9c3]" name="TestA" duration-ms="18" started-at="2017-05-31T21:45:38Z" finished-at="2017-05-31T21:45:38Z">
          <reporter-output>
          </reporter-output>
        </test-method> <!-- TestA -->
        <test-method status="PASS" signature="TestA()[pri:0, instance:performanceTestingExample@4590c9c3]" name="TestA" duration-ms="25" started-at="2017-05-31T21:45:38Z" finished-at="2017-05-31T21:45:38Z">
          <reporter-output>
          </reporter-output>
        </test-method> <!-- TestA -->
        <test-method status="PASS" signature="TestA()[pri:0, instance:performanceTestingExample@4590c9c3]" name="TestA" duration-ms="8" started-at="2017-05-31T21:45:38Z" finished-at="2017-05-31T21:45:38Z">
          <reporter-output>
          </reporter-output>
        </test-method> <!-- TestA -->
        <test-method status="PASS" signature="TestA()[pri:0, instance:performanceTestingExample@4590c9c3]" name="TestA" duration-ms="60" started-at="2017-05-31T21:45:38Z" finished-at="2017-05-31T21:45:38Z">
          <reporter-output>
          </reporter-output>
        </test-method> <!-- TestA -->
        <test-method status="PASS" signature="TestA()[pri:0, instance:performanceTestingExample@4590c9c3]" name="TestA" duration-ms="8" started-at="2017-05-31T21:45:38Z" finished-at="2017-05-31T21:45:38Z">
          <reporter-output>
          </reporter-output>
        </test-method> <!-- TestA -->
        <test-method status="PASS" signature="TestA()[pri:0, instance:performanceTestingExample@4590c9c3]" name="TestA" duration-ms="43" started-at="2017-05-31T21:45:38Z" finished-at="2017-05-31T21:45:38Z">
          <reporter-output>
          </reporter-output>
        </test-method> <!-- TestA -->
        <test-method status="PASS" signature="TestA()[pri:0, instance:performanceTestingExample@4590c9c3]" name="TestA" duration-ms="23" started-at="2017-05-31T21:45:38Z" finished-at="2017-05-31T21:45:38Z">
          <reporter-output>
          </reporter-output>
        </test-method> <!-- TestA -->
        <test-method status="PASS" signature="TestA()[pri:0, instance:performanceTestingExample@4590c9c3]" name="TestA" duration-ms="24" started-at="2017-05-31T21:45:38Z" finished-at="2017-05-31T21:45:38Z">
          <reporter-output>
          </reporter-output>
        </test-method> <!-- TestA -->
        <test-method status="PASS" signature="TestA()[pri:0, instance:performanceTestingExample@4590c9c3]" name="TestA" duration-ms="18" started-at="2017-05-31T21:45:38Z" finished-at="2017-05-31T21:45:38Z">
          <reporter-output>
          </reporter-output>
        </test-method> <!-- TestA -->
        <test-method status="PASS" signature="TestA()[pri:0, instance:performanceTestingExample@4590c9c3]" name="TestA" duration-ms="15" started-at="2017-05-31T21:45:38Z" finished-at="2017-05-31T21:45:38Z">
          <reporter-output>
          </reporter-output>
        </test-method> <!-- TestA -->
        <test-method status="PASS" signature="TestA()[pri:0, instance:performanceTestingExample@4590c9c3]" name="TestA" duration-ms="3" started-at="2017-05-31T21:45:38Z" finished-at="2017-05-31T21:45:38Z">
          <reporter-output>
          </reporter-output>
        </test-method> <!-- TestA -->
        <test-method status="PASS" signature="TestA()[pri:0, instance:performanceTestingExample@4590c9c3]" name="TestA" duration-ms="6" started-at="2017-05-31T21:45:38Z" finished-at="2017-05-31T21:45:38Z">
          <reporter-output>
          </reporter-output>
        </test-method> <!-- TestA -->
        <test-method status="PASS" signature="TestA()[pri:0, instance:performanceTestingExample@4590c9c3]" name="TestA" duration-ms="2" started-at="2017-05-31T21:45:38Z" finished-at="2017-05-31T21:45:38Z">
          <reporter-output>
          </reporter-output>
        </test-method> <!-- TestA -->
        <test-method status="PASS" signature="TestA()[pri:0, instance:performanceTestingExample@4590c9c3]" name="TestA" duration-ms="52" started-at="2017-05-31T21:45:38Z" finished-at="2017-05-31T21:45:38Z">
          <reporter-output>
          </reporter-output>
        </test-method> <!-- TestA -->
        <test-method status="PASS" signature="TestA()[pri:0, instance:performanceTestingExample@4590c9c3]" name="TestA" duration-ms="2" started-at="2017-05-31T21:45:38Z" finished-at="2017-05-31T21:45:38Z">
          <reporter-output>
          </reporter-output>
        </test-method> <!-- TestA -->
        <test-method status="PASS" signature="TestA()[pri:0, instance:performanceTestingExample@4590c9c3]" name="TestA" duration-ms="42" started-at="2017-05-31T21:45:38Z" finished-at="2017-05-31T21:45:38Z">
          <reporter-output>
          </reporter-output>
        </test-method> <!-- TestA -->
        <test-method status="PASS" signature="TestA()[pri:0, instance:performanceTestingExample@4590c9c3]" name="TestA" duration-ms="4" started-at="2017-05-31T21:45:38Z" finished-at="2017-05-31T21:45:38Z">
          <reporter-output>
          </reporter-output>
        </test-method> <!-- TestA -->
        <test-method status="PASS" signature="TestA()[pri:0, instance:performanceTestingExample@4590c9c3]" name="TestA" duration-ms="1" started-at="2017-05-31T21:45:38Z" finished-at="2017-05-31T21:45:38Z">
          <reporter-output>
          </reporter-output>
        </test-method> <!-- TestA -->
        <test-method status="PASS" signature="TestA()[pri:0, instance:performanceTestingExample@4590c9c3]" name="TestA" duration-ms="29" started-at="2017-05-31T21:45:38Z" finished-at="2017-05-31T21:45:38Z">
          <reporter-output>
          </reporter-output>
        </test-method> <!-- TestA -->
        <test-method status="PASS" signature="TestA()[pri:0, instance:performanceTestingExample@4590c9c3]" name="TestA" duration-ms="18" started-at="2017-05-31T21:45:38Z" finished-at="2017-05-31T21:45:38Z">
          <reporter-output>
          </reporter-output>
        </test-method> <!-- TestA -->
        <test-method status="PASS" signature="TestA()[pri:0, instance:performanceTestingExample@4590c9c3]" name="TestA" duration-ms="4" started-at="2017-05-31T21:45:38Z" finished-at="2017-05-31T21:45:38Z">
          <reporter-output>
          </reporter-output>
        </test-method> <!-- TestA -->
        <test-method status="PASS" signature="TestA()[pri:0, instance:performanceTestingExample@4590c9c3]" name="TestA" duration-ms="13" started-at="2017-05-31T21:45:38Z" finished-at="2017-05-31T21:45:38Z">
          <reporter-output>
          </reporter-output>
        </test-method> <!-- TestA -->
        <test-method status="PASS" signature="TestA()[pri:0, instance:performanceTestingExample@4590c9c3]" name="TestA" duration-ms="6" started-at="2017-05-31T21:45:38Z" finished-at="2017-05-31T21:45:38Z">
          <reporter-output>
          </reporter-output>
        </test-method> <!-- TestA -->
        <test-method status="PASS" signature="TestA()[pri:0, instance:performanceTestingExample@4590c9c3]" name="TestA" duration-ms="4" started-at="2017-05-31T21:45:38Z" finished-at="2017-05-31T21:45:38Z">
          <reporter-output>
          </reporter-output>
        </test-method> <!-- TestA -->
        <test-method status="PASS" signature="TestA()[pri:0, instance:performanceTestingExample@4590c9c3]" name="TestA" duration-ms="2" started-at="2017-05-31T21:45:38Z" finished-at="2017-05-31T21:45:38Z">
          <reporter-output>
          </reporter-output>
        </test-method> <!-- TestA -->
        <test-method status="PASS" signature="TestA()[pri:0, instance:performanceTestingExample@4590c9c3]" name="TestA" duration-ms="33" started-at="2017-05-31T21:45:38Z" finished-at="2017-05-31T21:45:38Z">
          <reporter-output>
          </reporter-output>
        </test-method> <!-- TestA -->
        <test-method status="PASS" signature="TestA()[pri:0, instance:performanceTestingExample@4590c9c3]" name="TestA" duration-ms="27" started-at="2017-05-31T21:45:38Z" finished-at="2017-05-31T21:45:38Z">
          <reporter-output>
          </reporter-output>
        </test-method> <!-- TestA -->
        <test-method status="PASS" signature="TestA()[pri:0, instance:performanceTestingExample@4590c9c3]" name="TestA" duration-ms="22" started-at="2017-05-31T21:45:38Z" finished-at="2017-05-31T21:45:38Z">
          <reporter-output>
          </reporter-output>
        </test-method> <!-- TestA -->
        <test-method status="PASS" signature="TestA()[pri:0, instance:performanceTestingExample@4590c9c3]" name="TestA" duration-ms="2" started-at="2017-05-31T21:45:38Z" finished-at="2017-05-31T21:45:38Z">
          <reporter-output>
          </reporter-output>
        </test-method> <!-- TestA -->
        <test-method status="PASS" signature="TestA()[pri:0, instance:performanceTestingExample@4590c9c3]" name="TestA" duration-ms="6" started-at="2017-05-31T21:45:38Z" finished-at="2017-05-31T21:45:38Z">
          <reporter-output>
          </reporter-output>
        </test-method> <!-- TestA -->
        <test-method status="PASS" signature="TestA()[pri:0, instance:performanceTestingExample@4590c9c3]" name="TestA" duration-ms="2" started-at="2017-05-31T21:45:38Z" finished-at="2017-05-31T21:45:38Z">
          <reporter-output>
          </reporter-output>
        </test-method> <!-- TestA -->
        <test-method status="PASS" signature="TestA()[pri:0, instance:performanceTestingExample@4590c9c3]" name="TestA" duration-ms="136" started-at="2017-05-31T21:45:38Z" finished-at="2017-05-31T21:45:39Z">
          <reporter-output>
          </reporter-output>
        </test-method> <!-- TestA -->
        <test-method status="PASS" signature="TestA()[pri:0, instance:performanceTestingExample@4590c9c3]" name="TestA" duration-ms="110" started-at="2017-05-31T21:45:38Z" finished-at="2017-05-31T21:45:39Z">
          <reporter-output>
          </reporter-output>
        </test-method> <!-- TestA -->
        <test-method status="PASS" signature="TestA()[pri:0, instance:performanceTestingExample@4590c9c3]" name="TestA" duration-ms="85" started-at="2017-05-31T21:45:38Z" finished-at="2017-05-31T21:45:39Z">
          <reporter-output>
          </reporter-output>
        </test-method> <!-- TestA -->
        <test-method status="PASS" signature="TestA()[pri:0, instance:performanceTestingExample@4590c9c3]" name="TestA" duration-ms="3" started-at="2017-05-31T21:45:38Z" finished-at="2017-05-31T21:45:38Z">
          <reporter-output>
          </reporter-output>
        </test-method> <!-- TestA -->
        <test-method status="PASS" signature="TestA()[pri:0, instance:performanceTestingExample@4590c9c3]" name="TestA" duration-ms="3" started-at="2017-05-31T21:45:38Z" finished-at="2017-05-31T21:45:38Z">
          <reporter-output>
          </reporter-output>
        </test-method> <!-- TestA -->
        <test-method status="PASS" signature="TestA()[pri:0, instance:performanceTestingExample@4590c9c3]" name="TestA" duration-ms="70" started-at="2017-05-31T21:45:38Z" finished-at="2017-05-31T21:45:39Z">
          <reporter-output>
          </reporter-output>
        </test-method> <!-- TestA -->
        <test-method status="PASS" signature="TestA()[pri:0, instance:performanceTestingExample@4590c9c3]" name="TestA" duration-ms="1" started-at="2017-05-31T21:45:38Z" finished-at="2017-05-31T21:45:38Z">
          <reporter-output>
          </reporter-output>
        </test-method> <!-- TestA -->
        <test-method status="PASS" signature="TestA()[pri:0, instance:performanceTestingExample@4590c9c3]" name="TestA" duration-ms="5" started-at="2017-05-31T21:45:38Z" finished-at="2017-05-31T21:45:38Z">
          <reporter-output>
          </reporter-output>
        </test-method> <!-- TestA -->
        <test-method status="PASS" signature="TestA()[pri:0, instance:performanceTestingExample@4590c9c3]" name="TestA" duration-ms="3" started-at="2017-05-31T21:45:38Z" finished-at="2017-05-31T21:45:38Z">
          <reporter-output>
          </reporter-output>
        </test-method> <!-- TestA -->
        <test-method status="PASS" signature="TestA()[pri:0, instance:performanceTestingExample@4590c9c3]" name="TestA" duration-ms="2" started-at="2017-05-31T21:45:38Z" finished-at="2017-05-31T21:45:38Z">
          <reporter-output>
          </reporter-output>
        </test-method> <!-- TestA -->
        <test-method status="PASS" signature="TestA()[pri:0, instance:performanceTestingExample@4590c9c3]" name="TestA" duration-ms="3" started-at="2017-05-31T21:45:38Z" finished-at="2017-05-31T21:45:38Z">
          <reporter-output>
          </reporter-output>
        </test-method> <!-- TestA -->
        <test-method status="PASS" signature="TestA()[pri:0, instance:performanceTestingExample@4590c9c3]" name="TestA" duration-ms="1" started-at="2017-05-31T21:45:39Z" finished-at="2017-05-31T21:45:39Z">
          <reporter-output>
          </reporter-output>
        </test-method> <!-- TestA -->
        <test-method status="PASS" signature="TestA()[pri:0, instance:performanceTestingExample@4590c9c3]" name="TestA" duration-ms="2" started-at="2017-05-31T21:45:39Z" finished-at="2017-05-31T21:45:39Z">
          <reporter-output>
          </reporter-output>
        </test-method> <!-- TestA -->
        <test-method status="PASS" signature="TestA()[pri:0, instance:performanceTestingExample@4590c9c3]" name="TestA" duration-ms="3" started-at="2017-05-31T21:45:39Z" finished-at="2017-05-31T21:45:39Z">
          <reporter-output>
          </reporter-output>
        </test-method> <!-- TestA -->
        <test-method status="PASS" signature="TestA()[pri:0, instance:performanceTestingExample@4590c9c3]" name="TestA" duration-ms="2" started-at="2017-05-31T21:45:39Z" finished-at="2017-05-31T21:45:39Z">
          <reporter-output>
          </reporter-output>
        </test-method> <!-- TestA -->
        <test-method status="PASS" signature="TestA()[pri:0, instance:performanceTestingExample@4590c9c3]" name="TestA" duration-ms="2" started-at="2017-05-31T21:45:39Z" finished-at="2017-05-31T21:45:39Z">
          <reporter-output>
          </reporter-output>
        </test-method> <!-- TestA -->
        <test-method status="PASS" signature="TestA()[pri:0, instance:performanceTestingExample@4590c9c3]" name="TestA" duration-ms="1" started-at="2017-05-31T21:45:39Z" finished-at="2017-05-31T21:45:39Z">
          <reporter-output>
          </reporter-output>
        </test-method> <!-- TestA -->
        <test-method status="PASS" signature="TestA()[pri:0, instance:performanceTestingExample@4590c9c3]" name="TestA" duration-ms="1" started-at="2017-05-31T21:45:39Z" finished-at="2017-05-31T21:45:39Z">
          <reporter-output>
          </reporter-output>
        </test-method> <!-- TestA -->
        <test-method status="PASS" signature="TestA()[pri:0, instance:performanceTestingExample@4590c9c3]" name="TestA" duration-ms="14" started-at="2017-05-31T21:45:39Z" finished-at="2017-05-31T21:45:39Z">
          <reporter-output>
          </reporter-output>
        </test-method> <!-- TestA -->
        <test-method status="PASS" signature="TestA()[pri:0, instance:performanceTestingExample@4590c9c3]" name="TestA" duration-ms="1" started-at="2017-05-31T21:45:39Z" finished-at="2017-05-31T21:45:39Z">
          <reporter-output>
          </reporter-output>
        </test-method> <!-- TestA -->
        <test-method status="PASS" signature="TestA()[pri:0, instance:performanceTestingExample@4590c9c3]" name="TestA" duration-ms="1" started-at="2017-05-31T21:45:39Z" finished-at="2017-05-31T21:45:39Z">
          <reporter-output>
          </reporter-output>
        </test-method> <!-- TestA -->
        <test-method status="PASS" signature="TestA()[pri:0, instance:performanceTestingExample@4590c9c3]" name="TestA" duration-ms="1" started-at="2017-05-31T21:45:39Z" finished-at="2017-05-31T21:45:39Z">
          <reporter-output>
          </reporter-output>
        </test-method> <!-- TestA -->
        <test-method status="PASS" signature="TestA()[pri:0, instance:performanceTestingExample@4590c9c3]" name="TestA" duration-ms="3" started-at="2017-05-31T21:45:39Z" finished-at="2017-05-31T21:45:39Z">
          <reporter-output>
          </reporter-output>
        </test-method> <!-- TestA -->
        <test-method status="PASS" signature="TestA()[pri:0, instance:performanceTestingExample@4590c9c3]" name="TestA" duration-ms="1" started-at="2017-05-31T21:45:39Z" finished-at="2017-05-31T21:45:39Z">
          <reporter-output>
          </reporter-output>
        </test-method> <!-- TestA -->
        <test-method status="PASS" signature="TestA()[pri:0, instance:performanceTestingExample@4590c9c3]" name="TestA" duration-ms="1" started-at="2017-05-31T21:45:39Z" finished-at="2017-05-31T21:45:39Z">
          <reporter-output>
          </reporter-output>
        </test-method> <!-- TestA -->
        <test-method status="PASS" signature="TestA()[pri:0, instance:performanceTestingExample@4590c9c3]" name="TestA" duration-ms="105" started-at="2017-05-31T21:45:39Z" finished-at="2017-05-31T21:45:39Z">
          <reporter-output>
          </reporter-output>
        </test-method> <!-- TestA -->
        <test-method status="PASS" signature="TestA()[pri:0, instance:performanceTestingExample@4590c9c3]" name="TestA" duration-ms="1" started-at="2017-05-31T21:45:39Z" finished-at="2017-05-31T21:45:39Z">
          <reporter-output>
          </reporter-output>
        </test-method> <!-- TestA -->
        <test-method status="PASS" signature="TestA()[pri:0, instance:performanceTestingExample@4590c9c3]" name="TestA" duration-ms="3" started-at="2017-05-31T21:45:39Z" finished-at="2017-05-31T21:45:39Z">
          <reporter-output>
          </reporter-output>
        </test-method> <!-- TestA -->
        <test-method status="PASS" signature="TestA()[pri:0, instance:performanceTestingExample@4590c9c3]" name="TestA" duration-ms="3" started-at="2017-05-31T21:45:39Z" finished-at="2017-05-31T21:45:39Z">
          <reporter-output>
          </reporter-output>
        </test-method> <!-- TestA -->
        <test-method status="PASS" signature="TestA()[pri:0, instance:performanceTestingExample@4590c9c3]" name="TestA" duration-ms="6" started-at="2017-05-31T21:45:39Z" finished-at="2017-05-31T21:45:39Z">
          <reporter-output>
          </reporter-output>
        </test-method> <!-- TestA -->
        <test-method status="PASS" signature="TestA()[pri:0, instance:performanceTestingExample@4590c9c3]" name="TestA" duration-ms="5" started-at="2017-05-31T21:45:39Z" finished-at="2017-05-31T21:45:39Z">
          <reporter-output>
          </reporter-output>
        </test-method> <!-- TestA -->
        <test-method status="PASS" signature="TestA()[pri:0, instance:performanceTestingExample@4590c9c3]" name="TestA" duration-ms="7" started-at="2017-05-31T21:45:39Z" finished-at="2017-05-31T21:45:39Z">
          <reporter-output>
          </reporter-output>
        </test-method> <!-- TestA -->
        <test-method status="PASS" signature="TestA()[pri:0, instance:performanceTestingExample@4590c9c3]" name="TestA" duration-ms="1" started-at="2017-05-31T21:45:39Z" finished-at="2017-05-31T21:45:39Z">
          <reporter-output>
          </reporter-output>
        </test-method> <!-- TestA -->
        <test-method status="PASS" signature="TestA()[pri:0, instance:performanceTestingExample@4590c9c3]" name="TestA" duration-ms="2" started-at="2017-05-31T21:45:39Z" finished-at="2017-05-31T21:45:39Z">
          <reporter-output>
          </reporter-output>
        </test-method> <!-- TestA -->
        <test-method status="PASS" signature="TestA()[pri:0, instance:performanceTestingExample@4590c9c3]" name="TestA" duration-ms="1" started-at="2017-05-31T21:45:39Z" finished-at="2017-05-31T21:45:39Z">
          <reporter-output>
          </reporter-output>
        </test-method> <!-- TestA -->
        <test-method status="PASS" signature="TestA()[pri:0, instance:performanceTestingExample@4590c9c3]" name="TestA" duration-ms="1" started-at="2017-05-31T21:45:39Z" finished-at="2017-05-31T21:45:39Z">
          <reporter-output>
          </reporter-output>
        </test-method> <!-- TestA -->
        <test-method status="PASS" signature="TestA()[pri:0, instance:performanceTestingExample@4590c9c3]" name="TestA" duration-ms="2" started-at="2017-05-31T21:45:39Z" finished-at="2017-05-31T21:45:39Z">
          <reporter-output>
          </reporter-output>
        </test-method> <!-- TestA -->
        <test-method status="PASS" signature="TestA()[pri:0, instance:performanceTestingExample@4590c9c3]" name="TestA" duration-ms="8" started-at="2017-05-31T21:45:39Z" finished-at="2017-05-31T21:45:39Z">
          <reporter-output>
          </reporter-output>
        </test-method> <!-- TestA -->
        <test-method status="PASS" signature="TestA()[pri:0, instance:performanceTestingExample@4590c9c3]" name="TestA" duration-ms="30" started-at="2017-05-31T21:45:39Z" finished-at="2017-05-31T21:45:39Z">
          <reporter-output>
          </reporter-output>
        </test-method> <!-- TestA -->
        <test-method status="PASS" signature="TestA()[pri:0, instance:performanceTestingExample@4590c9c3]" name="TestA" duration-ms="1" started-at="2017-05-31T21:45:39Z" finished-at="2017-05-31T21:45:39Z">
          <reporter-output>
          </reporter-output>
        </test-method> <!-- TestA -->
        <test-method status="PASS" signature="TestA()[pri:0, instance:performanceTestingExample@4590c9c3]" name="TestA" duration-ms="12" started-at="2017-05-31T21:45:39Z" finished-at="2017-05-31T21:45:39Z">
          <reporter-output>
          </reporter-output>
        </test-method> <!-- TestA -->
        <test-method status="PASS" signature="TestA()[pri:0, instance:performanceTestingExample@4590c9c3]" name="TestA" duration-ms="2" started-at="2017-05-31T21:45:39Z" finished-at="2017-05-31T21:45:39Z">
          <reporter-output>
          </reporter-output>
        </test-method> <!-- TestA -->
        <test-method status="PASS" signature="TestA()[pri:0, instance:performanceTestingExample@4590c9c3]" name="TestA" duration-ms="20" started-at="2017-05-31T21:45:39Z" finished-at="2017-05-31T21:45:39Z">
          <reporter-output>
          </reporter-output>
        </test-method> <!-- TestA -->
        <test-method status="PASS" signature="TestA()[pri:0, instance:performanceTestingExample@4590c9c3]" name="TestA" duration-ms="0" started-at="2017-05-31T21:45:39Z" finished-at="2017-05-31T21:45:39Z">
          <reporter-output>
          </reporter-output>
        </test-method> <!-- TestA -->
        <test-method status="PASS" signature="TestA()[pri:0, instance:performanceTestingExample@4590c9c3]" name="TestA" duration-ms="1" started-at="2017-05-31T21:45:39Z" finished-at="2017-05-31T21:45:39Z">
          <reporter-output>
          </reporter-output>
        </test-method> <!-- TestA -->
        <test-method status="PASS" signature="TestA()[pri:0, instance:performanceTestingExample@4590c9c3]" name="TestA" duration-ms="15" started-at="2017-05-31T21:45:39Z" finished-at="2017-05-31T21:45:39Z">
          <reporter-output>
          </reporter-output>
        </test-method> <!-- TestA -->
        <test-method status="PASS" signature="TestA()[pri:0, instance:performanceTestingExample@4590c9c3]" name="TestA" duration-ms="1" started-at="2017-05-31T21:45:39Z" finished-at="2017-05-31T21:45:39Z">
          <reporter-output>
          </reporter-output>
        </test-method> <!-- TestA -->
        <test-method status="PASS" signature="TestA()[pri:0, instance:performanceTestingExample@4590c9c3]" name="TestA" duration-ms="11" started-at="2017-05-31T21:45:39Z" finished-at="2017-05-31T21:45:39Z">
          <reporter-output>
          </reporter-output>
        </test-method> <!-- TestA -->
        <test-method status="PASS" signature="TestA()[pri:0, instance:performanceTestingExample@4590c9c3]" name="TestA" duration-ms="9" started-at="2017-05-31T21:45:39Z" finished-at="2017-05-31T21:45:39Z">
          <reporter-output>
          </reporter-output>
        </test-method> <!-- TestA -->
        <test-method status="PASS" signature="TestA()[pri:0, instance:performanceTestingExample@4590c9c3]" name="TestA" duration-ms="8" started-at="2017-05-31T21:45:39Z" finished-at="2017-05-31T21:45:39Z">
          <reporter-output>
          </reporter-output>
        </test-method> <!-- TestA -->
        <test-method status="PASS" signature="TestA()[pri:0, instance:performanceTestingExample@4590c9c3]" name="TestA" duration-ms="6" started-at="2017-05-31T21:45:39Z" finished-at="2017-05-31T21:45:39Z">
          <reporter-output>
          </reporter-output>
        </test-method> <!-- TestA -->
        <test-method status="PASS" signature="TestA()[pri:0, instance:performanceTestingExample@4590c9c3]" name="TestA" duration-ms="5" started-at="2017-05-31T21:45:39Z" finished-at="2017-05-31T21:45:39Z">
          <reporter-output>
          </reporter-output>
        </test-method> <!-- TestA -->
        <test-method status="PASS" signature="TestA()[pri:0, instance:performanceTestingExample@4590c9c3]" name="TestA" duration-ms="1" started-at="2017-05-31T21:45:39Z" finished-at="2017-05-31T21:45:39Z">
          <reporter-output>
          </reporter-output>
        </test-method> <!-- TestA -->
        <test-method status="PASS" signature="TestA()[pri:0, instance:performanceTestingExample@4590c9c3]" name="TestA" duration-ms="105" started-at="2017-05-31T21:45:39Z" finished-at="2017-05-31T21:45:39Z">
          <reporter-output>
          </reporter-output>
        </test-method> <!-- TestA -->
        <test-method status="PASS" signature="TestA()[pri:0, instance:performanceTestingExample@4590c9c3]" name="TestA" duration-ms="106" started-at="2017-05-31T21:45:39Z" finished-at="2017-05-31T21:45:39Z">
          <reporter-output>
          </reporter-output>
        </test-method> <!-- TestA -->
        <test-method status="PASS" signature="TestA()[pri:0, instance:performanceTestingExample@4590c9c3]" name="TestA" duration-ms="1" started-at="2017-05-31T21:45:39Z" finished-at="2017-05-31T21:45:39Z">
          <reporter-output>
          </reporter-output>
        </test-method> <!-- TestA -->
        <test-method status="PASS" signature="TestA()[pri:0, instance:performanceTestingExample@4590c9c3]" name="TestA" duration-ms="94" started-at="2017-05-31T21:45:39Z" finished-at="2017-05-31T21:45:39Z">
          <reporter-output>
          </reporter-output>
        </test-method> <!-- TestA -->
        <test-method status="PASS" signature="TestA()[pri:0, instance:performanceTestingExample@4590c9c3]" name="TestA" duration-ms="1" started-at="2017-05-31T21:45:39Z" finished-at="2017-05-31T21:45:39Z">
          <reporter-output>
          </reporter-output>
        </test-method> <!-- TestA -->
        <test-method status="PASS" signature="TestA()[pri:0, instance:performanceTestingExample@4590c9c3]" name="TestA" duration-ms="1" started-at="2017-05-31T21:45:39Z" finished-at="2017-05-31T21:45:39Z">
          <reporter-output>
          </reporter-output>
        </test-method> <!-- TestA -->
        <test-method status="PASS" signature="TestA()[pri:0, instance:performanceTestingExample@4590c9c3]" name="TestA" duration-ms="1" started-at="2017-05-31T21:45:39Z" finished-at="2017-05-31T21:45:39Z">
          <reporter-output>
          </reporter-output>
        </test-method> <!-- TestA -->
        <test-method status="PASS" signature="TestA()[pri:0, instance:performanceTestingExample@4590c9c3]" name="TestA" duration-ms="3" started-at="2017-05-31T21:45:39Z" finished-at="2017-05-31T21:45:39Z">
          <reporter-output>
          </reporter-output>
        </test-method> <!-- TestA -->
      </class> <!-- performanceTestingExample -->
    </test> <!-- Default test -->
  </suite> <!-- Default suite -->
</testng-results>
