<?xml version="1.0" encoding="UTF-8"?>
<testng-results skipped="0" failed="0" ignored="0" total="2" passed="2">
  <reporter-output>
  </reporter-output>
  <suite name="Default suite" duration-ms="115" started-at="2017-05-25T00:10:43Z" finished-at="2017-05-25T00:10:43Z">
    <groups>
    </groups>
    <test name="Default test" duration-ms="115" started-at="2017-05-25T00:10:43Z" finished-at="2017-05-25T00:10:43Z">
      <class name="AppOne">
        <test-method status="PASS" signature="TestOne()[pri:0, instance:AppOne@174d20a]" name="TestOne" duration-ms="32" started-at="2017-05-24T20:10:43Z" finished-at="2017-05-24T20:10:43Z">
          <reporter-output>
          </reporter-output>
        </test-method> <!-- TestOne -->
        <test-method status="PASS" signature="TestTwo()[pri:0, instance:AppOne@174d20a]" name="TestTwo" duration-ms="2" started-at="2017-05-24T20:10:43Z" finished-at="2017-05-24T20:10:43Z">
          <reporter-output>
          </reporter-output>
        </test-method> <!-- TestTwo -->
        <test-method status="PASS" signature="AfterClass()[pri:0, instance:AppOne@174d20a]" name="AfterClass" is-config="true" duration-ms="0" started-at="2017-05-24T20:10:43Z" finished-at="2017-05-24T20:10:43Z">
          <reporter-output>
          </reporter-output>
        </test-method> <!-- AfterClass -->
      </class> <!-- AppOne -->
    </test> <!-- Default test -->
  </suite> <!-- Default suite -->
</testng-results>
