<?xml version="1.0" encoding="UTF-8"?>
<testng-results skipped="0" failed="0" total="1" passed="1">
  <reporter-output>
  </reporter-output>
  <suite name="Default suite" duration-ms="51219" started-at="2017-06-18T21:50:19Z" finished-at="2017-06-18T21:51:10Z">
    <groups>
    </groups>
    <test name="Default test" duration-ms="51219" started-at="2017-06-18T21:50:19Z" finished-at="2017-06-18T21:51:10Z">
      <class name="com.sarangjaiswal.POM.testcases.LoginTest">
        <test-method status="PASS" signature="init()[pri:0, instance:com.sarangjaiswal.POM.testcases.LoginTest@1cd629b3]" name="init" is-config="true" duration-ms="10" started-at="2017-06-18T17:50:19Z" finished-at="2017-06-18T17:50:19Z">
          <reporter-output>
          </reporter-output>
        </test-method> <!-- init -->
        <test-method status="PASS" signature="logintest()[pri:0, instance:com.sarangjaiswal.POM.testcases.LoginTest@1cd629b3]" name="logintest" duration-ms="50752" started-at="2017-06-18T17:50:19Z" finished-at="2017-06-18T17:51:09Z">
          <reporter-output>
          </reporter-output>
        </test-method> <!-- logintest -->
        <test-method status="PASS" signature="post()[pri:0, instance:com.sarangjaiswal.POM.testcases.LoginTest@1cd629b3]" name="post" is-config="true" duration-ms="443" started-at="2017-06-18T17:51:09Z" finished-at="2017-06-18T17:51:10Z">
          <reporter-output>
          </reporter-output>
        </test-method> <!-- post -->
      </class> <!-- com.sarangjaiswal.POM.testcases.LoginTest -->
    </test> <!-- Default test -->
  </suite> <!-- Default suite -->
</testng-results>
