<?xml version="1.0" encoding="UTF-8"?>
<testng-results skipped="0" failed="0" total="1" passed="1">
  <reporter-output>
  </reporter-output>
  <suite name="Default suite" duration-ms="73453" started-at="2017-06-18T19:41:14Z" finished-at="2017-06-18T19:42:28Z">
    <groups>
    </groups>
    <test name="Default test" duration-ms="73453" started-at="2017-06-18T19:41:14Z" finished-at="2017-06-18T19:42:28Z">
      <class name="com.sarangjaiswal.POM.testcases.LoginTest">
        <test-method status="PASS" signature="logintest()[pri:0, instance:com.sarangjaiswal.POM.testcases.LoginTest@5677323c]" name="logintest" duration-ms="73436" started-at="2017-06-18T15:41:14Z" finished-at="2017-06-18T15:42:28Z">
          <reporter-output>
          </reporter-output>
        </test-method> <!-- logintest -->
      </class> <!-- com.sarangjaiswal.POM.testcases.LoginTest -->
    </test> <!-- Default test -->
  </suite> <!-- Default suite -->
</testng-results>
