<?xml version="1.0" encoding="UTF-8"?>
<testng-results skipped="0" failed="0" total="2" passed="2">
  <reporter-output>
  </reporter-output>
  <suite name="Default suite" duration-ms="2018" started-at="2017-06-23T16:27:29Z" finished-at="2017-06-23T16:27:31Z">
    <groups>
    </groups>
    <test name="Default test" duration-ms="2018" started-at="2017-06-23T16:27:29Z" finished-at="2017-06-23T16:27:31Z">
      <class name="com.sarangjaiswal.HTTPCLIENT.tests.RegressionTest">
        <test-method status="PASS" signature="testMIMEtype()[pri:0, instance:com.sarangjaiswal.HTTPCLIENT.tests.RegressionTest@174d20a]" name="testMIMEtype" duration-ms="1365" started-at="2017-06-23T12:27:29Z" finished-at="2017-06-23T12:27:31Z">
          <reporter-output>
          </reporter-output>
        </test-method> <!-- testMIMEtype -->
        <test-method status="PASS" signature="testStatusCode()[pri:0, instance:com.sarangjaiswal.HTTPCLIENT.tests.RegressionTest@174d20a]" name="testStatusCode" duration-ms="633" started-at="2017-06-23T12:27:31Z" finished-at="2017-06-23T12:27:31Z">
          <reporter-output>
          </reporter-output>
        </test-method> <!-- testStatusCode -->
      </class> <!-- com.sarangjaiswal.HTTPCLIENT.tests.RegressionTest -->
    </test> <!-- Default test -->
  </suite> <!-- Default suite -->
</testng-results>
